<?xml version="1.0" encoding="UTF-8"?>
<testsuite xmlns:xsi="http://www.w3.org/2001/XMLSchema-instance" xsi:noNamespaceSchemaLocation="https://maven.apache.org/surefire/maven-surefire-plugin/xsd/surefire-test-report.xsd" name="ru.yandex.practikum.CourierLoginTest" time="2.252" tests="5" errors="0" skipped="0" failures="0">
  <properties>
[...]
</properties>
  <testcase name="courierCanNotAuthorizeWithWrongLogin" classname="ru.yandex.practikum.CourierLoginTest" time="0.495"/>
  <testcase name="courierCanNotAuthorizeWithoutLogin" classname="ru.yandex.practikum.CourierLoginTest" time="0.482"/>
  <testcase name="courierCanNotAuthorizeWithWrongPassword" classname="ru.yandex.practikum.CourierLoginTest" time="0.417"/>
  <testcase name="courierCanAuthorize" classname="ru.yandex.practikum.CourierLoginTest" time="0.358"/>
  <testcase name="courierCanNotAuthorizeWithoutPassword" classname="ru.yandex.practikum.CourierLoginTest" time="0.491"/>
</testsuite>